<?xml version="1.0" encoding="UTF-8"?>
<testsuite xmlns:xsi="http://www.w3.org/2001/XMLSchema-instance" xsi:noNamespaceSchemaLocation="https://maven.apache.org/surefire/maven-surefire-plugin/xsd/surefire-test-report-3.0.xsd" version="3.0" name="com.example.educationbackend.controller.integration.AuthControllerIntegrationTest" time="14.781" tests="15" errors="0" skipped="0" failures="0">
  <properties>
[...]
</properties>
  <testcase name="loginShouldReturnUnauthorizedForWrongPassword" classname="com.example.educationbackend.controller.integration.AuthControllerIntegrationTest" time="0.685">
    <system-out><![CDATA[15:40:32.942 [main] INFO org.springframework.test.context.support.AnnotationConfigContextLoaderUtils -- Could not detect default configuration classes for test class [com.example.educationbackend.controller.integration.AuthControllerIntegrationTest]: AuthControllerIntegrationTest does not declare any static, non-private, non-final, nested classes annotated with @Configuration.
15:40:33.286 [main] INFO org.springframework.boot.test.context.SpringBootTestContextBootstrapper -- Found @SpringBootConfiguration com.example.educationbackend.EducationBackendApplication for test class com.example.educationbackend.controller.integration.AuthControllerIntegrationTest

  .   ____          _            __ _ _
 /\\ / ___'_ __ _ _(_)_ __  __ _ \ \ \ \
( ( )\___ | '_ | '_| | '_ \/ _` | \ \ \ \
 \\/  ___)| |_)| | | | | || (_| |  ) ) ) )
  '  |____| .__|_| |_|_| |_\__, | / / / /
 =========|_|==============|___/=/_/_/_/
 :: Spring Boot ::                (v3.2.0)

2026-03-25T15:40:34.718+07:00  INFO 12236 --- [           main] c.e.e.c.i.AuthControllerIntegrationTest  : Starting AuthControllerIntegrationTest using Java 21.0.7 with PID 12236 (started by admin in D:\Downloads\education\backend)
2026-03-25T15:40:34.721+07:00  INFO 12236 --- [           main] c.e.e.c.i.AuthControllerIntegrationTest  : The following 1 profile is active: "test"
2026-03-25T15:40:36.641+07:00  INFO 12236 --- [           main] .s.d.r.c.RepositoryConfigurationDelegate : Bootstrapping Spring Data JPA repositories in DEFAULT mode.
2026-03-25T15:40:36.946+07:00  INFO 12236 --- [           main] .s.d.r.c.RepositoryConfigurationDelegate : Finished Spring Data repository scanning in 273 ms. Found 14 JPA repository interfaces.
2026-03-25T15:40:39.006+07:00  INFO 12236 --- [           main] o.hibernate.jpa.internal.util.LogHelper  : HHH000204: Processing PersistenceUnitInfo [name: default]
2026-03-25T15:40:39.193+07:00  INFO 12236 --- [           main] org.hibernate.Version                    : HHH000412: Hibernate ORM core version 6.3.1.Final
2026-03-25T15:40:39.307+07:00  INFO 12236 --- [           main] o.h.c.internal.RegionFactoryInitiator    : HHH000026: Second-level cache disabled
2026-03-25T15:40:39.571+07:00  INFO 12236 --- [           main] o.s.o.j.p.SpringPersistenceUnitInfo      : No LoadTimeWeaver setup: ignoring JPA class transformer
2026-03-25T15:40:39.626+07:00  INFO 12236 --- [           main] com.zaxxer.hikari.HikariDataSource       : HikariPool-1 - Starting...
2026-03-25T15:40:40.111+07:00  INFO 12236 --- [           main] com.zaxxer.hikari.pool.HikariPool        : HikariPool-1 - Added connection conn0: url=jdbc:h2:mem:education_test user=SA
2026-03-25T15:40:40.115+07:00  INFO 12236 --- [           main] com.zaxxer.hikari.HikariDataSource       : HikariPool-1 - Start completed.
2026-03-25T15:40:40.174+07:00  WARN 12236 --- [           main] org.hibernate.orm.deprecation            : HHH90000025: H2Dialect does not need to be specified explicitly using 'hibernate.dialect' (remove the property setting and it will be selected by default)
2026-03-25T15:40:42.081+07:00  INFO 12236 --- [           main] o.h.e.t.j.p.i.JtaPlatformInitiator       : HHH000489: No JTA platform available (set 'hibernate.transaction.jta.platform' to enable JTA platform integration)
2026-03-25T15:40:42.189+07:00  INFO 12236 --- [           main] j.LocalContainerEntityManagerFactoryBean : Initialized JPA EntityManagerFactory for persistence unit 'default'
2026-03-25T15:40:44.330+07:00  WARN 12236 --- [           main] JpaBaseConfiguration$JpaWebConfiguration : spring.jpa.open-in-view is enabled by default. Therefore, database queries may be performed during view rendering. Explicitly configure spring.jpa.open-in-view to disable this warning
2026-03-25T15:40:44.864+07:00  INFO 12236 --- [           main] o.s.s.web.DefaultSecurityFilterChain     : Will secure any request with [org.springframework.security.web.session.DisableEncodeUrlFilter@7ce299c6, org.springframework.security.web.context.request.async.WebAsyncManagerIntegrationFilter@278e5f8e, org.springframework.security.web.context.SecurityContextHolderFilter@912fdbb, org.springframework.security.web.header.HeaderWriterFilter@22955ef2, org.springframework.web.filter.CorsFilter@44a3b4d9, org.springframework.security.web.authentication.logout.LogoutFilter@1f3bd40a, com.example.educationbackend.security.AuthTokenFilter@a4f14c9, org.springframework.security.web.savedrequest.RequestCacheAwareFilter@3d62648d, org.springframework.security.web.servletapi.SecurityContextHolderAwareRequestFilter@59fe8d94, org.springframework.security.web.authentication.AnonymousAuthenticationFilter@16e3a461, org.springframework.security.web.session.SessionManagementFilter@207283b4, org.springframework.security.web.access.ExceptionTranslationFilter@4178074f, org.springframework.security.web.access.intercept.AuthorizationFilter@73021987]
2026-03-25T15:40:45.583+07:00  INFO 12236 --- [           main] o.s.b.t.m.w.SpringBootMockServletContext : Initializing Spring TestDispatcherServlet ''
2026-03-25T15:40:45.583+07:00  INFO 12236 --- [           main] o.s.t.web.servlet.TestDispatcherServlet  : Initializing Servlet ''
2026-03-25T15:40:45.585+07:00  INFO 12236 --- [           main] o.s.t.web.servlet.TestDispatcherServlet  : Completed initialization in 2 ms
2026-03-25T15:40:45.633+07:00  INFO 12236 --- [           main] c.e.e.c.i.AuthControllerIntegrationTest  : Started AuthControllerIntegrationTest in 12.087 seconds (process running for 22.16)
]]></system-out>
  </testcase>
  <testcase name="loginShouldReturnBadRequestForInvalidEmailFormat" classname="com.example.educationbackend.controller.integration.AuthControllerIntegrationTest" time="0.079"/>
  <testcase name="registerShouldMatchCsv(RegisterCsvCase)[1]" classname="com.example.educationbackend.controller.integration.AuthControllerIntegrationTest" time="0.2"/>
  <testcase name="registerShouldMatchCsv(RegisterCsvCase)[2]" classname="com.example.educationbackend.controller.integration.AuthControllerIntegrationTest" time="0.072"/>
  <testcase name="registerShouldMatchCsv(RegisterCsvCase)[3]" classname="com.example.educationbackend.controller.integration.AuthControllerIntegrationTest" time="0.059"/>
  <testcase name="registerShouldMatchCsv(RegisterCsvCase)[4]" classname="com.example.educationbackend.controller.integration.AuthControllerIntegrationTest" time="0.067"/>
  <testcase name="registerShouldMatchCsv(RegisterCsvCase)[5]" classname="com.example.educationbackend.controller.integration.AuthControllerIntegrationTest" time="0.052"/>
  <testcase name="registerShouldMatchCsv(RegisterCsvCase)[6]" classname="com.example.educationbackend.controller.integration.AuthControllerIntegrationTest" time="0.059"/>
  <testcase name="registerShouldMatchCsv(RegisterCsvCase)[7]" classname="com.example.educationbackend.controller.integration.AuthControllerIntegrationTest" time="0.057"/>
  <testcase name="registerShouldMatchCsv(RegisterCsvCase)[8]" classname="com.example.educationbackend.controller.integration.AuthControllerIntegrationTest" time="0.052"/>
  <testcase name="registerShouldMatchCsv(RegisterCsvCase)[9]" classname="com.example.educationbackend.controller.integration.AuthControllerIntegrationTest" time="0.054"/>
  <testcase name="registerShouldMatchCsv(RegisterCsvCase)[10]" classname="com.example.educationbackend.controller.integration.AuthControllerIntegrationTest" time="0.07"/>
  <testcase name="registerShouldMatchCsv(RegisterCsvCase)[11]" classname="com.example.educationbackend.controller.integration.AuthControllerIntegrationTest" time="0.062"/>
  <testcase name="registerShouldMatchCsv(RegisterCsvCase)[12]" classname="com.example.educationbackend.controller.integration.AuthControllerIntegrationTest" time="0.07"/>
  <testcase name="loginShouldReturnJwtForValidUser" classname="com.example.educationbackend.controller.integration.AuthControllerIntegrationTest" time="0.123"/>
</testsuite>